<?xml version="1.0" encoding="UTF-8"?><testsuite errors="1" failures="1" name="Testing different request on the pet information" skipped="0" tests="2" time="28.82" timestamp="2023-01-10T12:47:03.852Z[Europe/London]"><testcase name="Check if the pet information can be accessed by users"><failure message="1 expectation failed.&#10;Expected status code &lt;200&gt; but was &lt;404&gt;.&#10;" type="java.lang.AssertionError">1 expectation failed.
Expected status code &lt;200&gt; but was &lt;404&gt;.
</failure><system-err>1 expectation failed.
Expected status code &lt;200&gt; but was &lt;404&gt;.
&#13;
io.restassured.internal.ResponseSpecificationImpl.validateResponseIfRequired(ResponseSpecificationImpl.groovy:636)&#13;
io.restassured.internal.ResponseSpecificationImpl.statusCode(ResponseSpecificationImpl.groovy:122)&#13;
io.restassured.internal.ResponseSpecificationImpl.statusCode(ResponseSpecificationImpl.groovy:130)&#13;
io.restassured.internal.ValidatableResponseOptionsImpl.statusCode(ValidatableResponseOptionsImpl.java:117)&#13;
io.swagger.petstore.cucumber.steps.PetStepdef.userMustGetBackAValidStatusCode(PetStepdef.java:31)&#13;
✽.Then User must get back a valid status code 200(pet.feature:5)&#13;
</system-err></testcase><testcase name="Create a new pet &amp; verify if the pet is added"><error message="Don't know how to convert &quot;&quot; into java.util.HashMap.&#10;Try writing your own converter:&#10;&#10;@cucumber.deps.com.thoughtworks.xstream.annotations.XStreamConverter(HashMapConverter.class)&#10;public class HashMap {}&#10;" type="cucumber.runtime.CucumberException">Don't know how to convert "" into java.util.HashMap.
Try writing your own converter:

@cucumber.deps.com.thoughtworks.xstream.annotations.XStreamConverter(HashMapConverter.class)
public class HashMap {}
</error><system-err>Don't know how to convert "" into java.util.HashMap.
Try writing your own converter:

@cucumber.deps.com.thoughtworks.xstream.annotations.XStreamConverter(HashMapConverter.class)
public class HashMap {}
&#13;
</system-err></testcase></testsuite>