<?xml version="1.0" encoding="UTF-8"?><testsuite errors="0" failures="0" name="io.swagger.petstore.petinfo.UserCRUDTestWithSteps" skipped="0" tests="4" time="15.51" timestamp="2023-01-10T11:18:16.892Z[Europe/London]"><testcase classname="io.swagger.petstore.petinfo.UserCRUDTestWithSteps" name="This will create a new user"/><testcase classname="io.swagger.petstore.petinfo.UserCRUDTestWithSteps" name="verify if user added to the application"/><testcase classname="io.swagger.petstore.petinfo.UserCRUDTestWithSteps" name="Update the user information and verify the updated information"/><testcase classname="io.swagger.petstore.petinfo.UserCRUDTestWithSteps" name="Delete the user and verify if the user is deleted!"/></testsuite>