<?xml version="1.0" encoding="UTF-8"?><testsuite errors="0" failures="0" name="io.swagger.petstore.petinfo.PetCRUDTestWithSteps" skipped="0" tests="4" time="17.46" timestamp="2023-01-10T10:45:22.606Z[Europe/London]"><testcase classname="io.swagger.petstore.petinfo.PetCRUDTestWithSteps" name="This will create a new petID"/><testcase classname="io.swagger.petstore.petinfo.PetCRUDTestWithSteps" name="verify if pet added to the application"/><testcase classname="io.swagger.petstore.petinfo.PetCRUDTestWithSteps" name="Update the pet information and verify the updated information"/><testcase classname="io.swagger.petstore.petinfo.PetCRUDTestWithSteps" name="Delete the pet and verify if the user is deleted!"/></testsuite>