<?xml version="1.0" encoding="UTF-8"?><testsuite errors="0" failures="1" name="Testing different request on the petUser application" skipped="0" tests="1" time="4.12" timestamp="2023-01-10T12:47:37.512Z[Europe/London]"><testcase name="Create a new user &amp; verify if the user is added"><failure message="1 expectation failed.&#10;Expected status code &lt;200&gt; but was &lt;404&gt;.&#10;" type="java.lang.AssertionError">1 expectation failed.
Expected status code &lt;200&gt; but was &lt;404&gt;.
</failure><system-err>1 expectation failed.
Expected status code &lt;200&gt; but was &lt;404&gt;.
&#13;
io.restassured.internal.ResponseSpecificationImpl.validateResponseIfRequired(ResponseSpecificationImpl.groovy:636)&#13;
io.restassured.internal.ResponseSpecificationImpl.statusCode(ResponseSpecificationImpl.groovy:122)&#13;
io.restassured.internal.ResponseSpecificationImpl.statusCode(ResponseSpecificationImpl.groovy:130)&#13;
io.restassured.internal.ValidatableResponseOptionsImpl.statusCode(ValidatableResponseOptionsImpl.java:117)&#13;
io.swagger.petstore.petinfo.UserSteps.getUserInfoByUsername(UserSteps.java:47)&#13;
io.swagger.petstore.cucumber.steps.UserCRUDTest.iVerifyThatTheStudentWithIsCreated(UserCRUDTest.java:37)&#13;
âœ½.Then I verify that the user with "Testing" is created(user.feature:5)&#13;
</system-err></testcase></testsuite>